16:41:42  INFO      ==================================================================
16:41:42  INFO        mlfinlab . bar-comparison pipeline . 20260514_164140
16:41:42  INFO        Feature mode : unified
16:41:42  INFO      ==================================================================
16:41:42  INFO      
16:41:42  INFO      ==================================================================
16:41:42  INFO        STAGE 1 . DATA LOADING
16:41:42  INFO      ==================================================================
16:41:42  INFO        binance_btc_12h.csv                                     731 bars  2024-01-01->2024-12-31  class=calendar      src=calendar
16:41:42  INFO        binance_btc_1h.csv                                     8761 bars  2024-01-01->2024-12-31  class=calendar      src=calendar
16:41:42  INFO        binance_btc_4h.csv                                     2191 bars  2024-01-01->2024-12-31  class=calendar      src=calendar
16:41:42  INFO        binance_btc_6h.csv                                     1461 bars  2024-01-01->2024-12-31  class=calendar      src=calendar
16:41:42  INFO        binance_btc_8h.csv                                     1096 bars  2024-01-01->2024-12-31  class=calendar      src=calendar
16:41:42  INFO        binance_btc_dollar_minute_bars.csv                     6073 bars  2024-01-15->2024-12-30  class=information   src=minute
16:41:42  INFO        binance_btc_dollar_tick_bars.csv                       4822 bars  2024-01-01->2024-12-31  class=information   src=tick
16:41:42  INFO        binance_btc_hybrid_minute_bars.csv                     5720 bars  2024-01-15->2024-12-30  class=information   src=minute
16:41:42  INFO        binance_btc_hybrid_tick_bars.csv                       8581 bars  2024-01-01->2024-12-31  class=information   src=tick
16:41:42  INFO        binance_btc_range_minute_bars.csv                       897 bars  2024-01-15->2024-12-30  class=information   src=minute
16:41:42  INFO        binance_btc_range_tick_bars.csv                        5902 bars  2024-01-01->2024-12-31  class=information   src=tick
16:41:42  INFO        binance_btc_renko_minute_bars.csv                      1053 bars  2024-01-15->2024-12-30  class=information   src=minute
16:41:43  INFO        binance_btc_renko_tick_bars.csv                       66408 bars  2024-01-01->2024-12-31  class=information   src=tick
16:41:43  INFO        binance_btc_volatility_minute_bars.csv                 1223 bars  2024-01-15->2024-12-30  class=information   src=minute
16:41:43  INFO        binance_btc_volatility_tick_bars.csv                  16796 bars  2024-01-01->2024-12-31  class=information   src=tick
16:41:43  INFO        binance_btc_volume_minute_bars.csv                     2004 bars  2024-01-15->2024-12-30  class=information   src=minute
16:41:43  INFO        binance_btc_volume_tick_bars.csv                       3964 bars  2024-01-01->2024-12-31  class=information   src=tick
16:41:43  INFO      Loaded 17 dataset(s).
16:41:43  INFO      
16:41:43  INFO      >>> binance_btc_12h  (731 bars)  [calendar . calendar]
16:41:43  INFO      
16:41:43  INFO      ==================================================================
16:41:43  INFO        STAGE 2 . LABELING + FEATURES  [binance_btc_12h]  [mode=unified]
16:41:43  INFO      ==================================================================
16:41:43  INFO        Computing volatility & sampling events ...
16:41:43  INFO        Events sampled : 409
16:41:43  INFO        Triple-barrier  pt/sl=[2.0, 2.0]  days=3.0 ...
16:41:44  INFO        Labels : {1.0: 233, 0.0: 172}  (n=405)
16:41:44  INFO        Finding minimum FFD d ...
16:41:44  INFO        min_d=0.60  d_used=0.60
16:41:44  INFO        Building features [mode=unified] ...
16:41:45  INFO        Features : 33 cols  (33 unified + 0 native)
16:41:45  INFO        Computing sample weights ...
16:41:45  INFO        Final frame : 405 samples x 33 features
16:41:46  INFO        Saved -> binance_btc_12h__labeling_unified__20260514_164140.csv
16:41:46  INFO      
16:41:46  INFO      ==================================================================
16:41:46  INFO        STAGE 3 . MODELS  [binance_btc_12h]  -- implement in mlfinlab/models/
16:41:46  INFO      ==================================================================
16:41:46  INFO        Input  : 405 samples x 41 cols
16:41:46  INFO        Labels : {1.0: 233, 0.0: 172}
16:41:46  INFO        Mode   : unified
16:41:46  INFO        [ stub ]
16:41:46  INFO      
16:41:46  INFO      ==================================================================
16:41:46  INFO        STAGE 4 . PREDICTION  [binance_btc_12h]  -- implement in mlfinlab/signals/
16:41:46  INFO      ==================================================================
16:41:46  INFO        [ stub ]
16:41:46  INFO      
16:41:46  INFO      ==================================================================
16:41:46  INFO        STAGE 5 . BACKTEST  [binance_btc_12h]  -- implement in mlfinlab/backtest/
16:41:46  INFO      ==================================================================
16:41:46  INFO        Fee     : 0.0400%  (0.0800% round-trip)
16:41:46  INFO        Capital : $10000
16:41:46  INFO        [ stub ]
16:41:46  INFO      
16:41:46  INFO      >>> binance_btc_1h  (8761 bars)  [calendar . calendar]
16:41:46  INFO      
16:41:46  INFO      ==================================================================
16:41:46  INFO        STAGE 2 . LABELING + FEATURES  [binance_btc_1h]  [mode=unified]
16:41:46  INFO      ==================================================================
16:41:46  INFO        Computing volatility & sampling events ...
16:41:46  INFO        Events sampled : 4937
16:41:46  INFO        Triple-barrier  pt/sl=[2.0, 2.0]  days=3.0 ...
16:42:17  INFO        Labels : {1.0: 2583, 0.0: 2350}  (n=4933)
16:42:17  INFO        Finding minimum FFD d ...
16:42:17  INFO        min_d=0.20  d_used=0.20
16:42:17  INFO        Building features [mode=unified] ...
16:42:23  INFO        Features : 33 cols  (33 unified + 0 native)
16:42:23  INFO        Computing sample weights ...
16:42:30  INFO        Final frame : 4933 samples x 33 features
16:42:30  INFO        Saved -> binance_btc_1h__labeling_unified__20260514_164140.csv
16:42:30  INFO      
16:42:30  INFO      ==================================================================
16:42:30  INFO        STAGE 3 . MODELS  [binance_btc_1h]  -- implement in mlfinlab/models/
16:42:30  INFO      ==================================================================
16:42:30  INFO        Input  : 4933 samples x 41 cols
16:42:30  INFO        Labels : {1.0: 2583, 0.0: 2350}
16:42:30  INFO        Mode   : unified
16:42:30  INFO        [ stub ]
16:42:30  INFO      
16:42:30  INFO      ==================================================================
16:42:30  INFO        STAGE 4 . PREDICTION  [binance_btc_1h]  -- implement in mlfinlab/signals/
16:42:30  INFO      ==================================================================
16:42:30  INFO        [ stub ]
16:42:30  INFO      
16:42:30  INFO      ==================================================================
16:42:30  INFO        STAGE 5 . BACKTEST  [binance_btc_1h]  -- implement in mlfinlab/backtest/
16:42:30  INFO      ==================================================================
16:42:30  INFO        Fee     : 0.0400%  (0.0800% round-trip)
16:42:30  INFO        Capital : $10000
16:42:30  INFO        [ stub ]
16:42:30  INFO      
16:42:30  INFO      >>> binance_btc_4h  (2191 bars)  [calendar . calendar]
16:42:30  INFO      
16:42:30  INFO      ==================================================================
16:42:30  INFO        STAGE 2 . LABELING + FEATURES  [binance_btc_4h]  [mode=unified]
16:42:30  INFO      ==================================================================
16:42:30  INFO        Computing volatility & sampling events ...
16:42:30  INFO        Events sampled : 1201
16:42:30  INFO        Triple-barrier  pt/sl=[2.0, 2.0]  days=3.0 ...
16:42:34  INFO        Labels : {1.0: 652, 0.0: 546}  (n=1198)
16:42:34  INFO        Finding minimum FFD d ...
16:42:34  INFO        min_d=0.40  d_used=0.40
16:42:34  INFO        Building features [mode=unified] ...
16:42:35  INFO        Features : 33 cols  (33 unified + 0 native)
16:42:35  INFO        Computing sample weights ...
16:42:36  INFO        Final frame : 1198 samples x 33 features
16:42:36  INFO        Saved -> binance_btc_4h__labeling_unified__20260514_164140.csv
16:42:36  INFO      
16:42:36  INFO      ==================================================================
16:42:36  INFO        STAGE 3 . MODELS  [binance_btc_4h]  -- implement in mlfinlab/models/
16:42:36  INFO      ==================================================================
16:42:36  INFO        Input  : 1198 samples x 41 cols
16:42:36  INFO        Labels : {1.0: 652, 0.0: 546}
16:42:36  INFO        Mode   : unified
16:42:36  INFO        [ stub ]
16:42:36  INFO      
16:42:36  INFO      ==================================================================
16:42:36  INFO        STAGE 4 . PREDICTION  [binance_btc_4h]  -- implement in mlfinlab/signals/
16:42:36  INFO      ==================================================================
16:42:36  INFO        [ stub ]
16:42:36  INFO      
16:42:36  INFO      ==================================================================
16:42:36  INFO        STAGE 5 . BACKTEST  [binance_btc_4h]  -- implement in mlfinlab/backtest/
16:42:36  INFO      ==================================================================
16:42:36  INFO        Fee     : 0.0400%  (0.0800% round-trip)
16:42:36  INFO        Capital : $10000
16:42:36  INFO        [ stub ]
16:42:36  INFO      
16:42:36  INFO      >>> binance_btc_6h  (1461 bars)  [calendar . calendar]
16:42:36  INFO      
16:42:36  INFO      ==================================================================
16:42:36  INFO        STAGE 2 . LABELING + FEATURES  [binance_btc_6h]  [mode=unified]
16:42:36  INFO      ==================================================================
16:42:36  INFO        Computing volatility & sampling events ...
16:42:36  INFO        Events sampled : 768
16:42:36  INFO        Triple-barrier  pt/sl=[2.0, 2.0]  days=3.0 ...
16:42:38  INFO        Labels : {1.0: 425, 0.0: 339}  (n=764)
16:42:38  INFO        Finding minimum FFD d ...
16:42:38  INFO        min_d=0.50  d_used=0.50
16:42:38  INFO        Building features [mode=unified] ...
16:42:39  INFO        Features : 33 cols  (33 unified + 0 native)
16:42:39  INFO        Computing sample weights ...
16:42:40  INFO        Final frame : 764 samples x 33 features
16:42:40  INFO        Saved -> binance_btc_6h__labeling_unified__20260514_164140.csv
16:42:40  INFO      
16:42:40  INFO      ==================================================================
16:42:40  INFO        STAGE 3 . MODELS  [binance_btc_6h]  -- implement in mlfinlab/models/
16:42:40  INFO      ==================================================================
16:42:40  INFO        Input  : 764 samples x 41 cols
16:42:40  INFO        Labels : {1.0: 425, 0.0: 339}
16:42:40  INFO        Mode   : unified
16:42:40  INFO        [ stub ]
16:42:40  INFO      
16:42:40  INFO      ==================================================================
16:42:40  INFO        STAGE 4 . PREDICTION  [binance_btc_6h]  -- implement in mlfinlab/signals/
16:42:40  INFO      ==================================================================
16:42:40  INFO        [ stub ]
16:42:40  INFO      
16:42:40  INFO      ==================================================================
16:42:40  INFO        STAGE 5 . BACKTEST  [binance_btc_6h]  -- implement in mlfinlab/backtest/
16:42:40  INFO      ==================================================================
16:42:40  INFO        Fee     : 0.0400%  (0.0800% round-trip)
16:42:40  INFO        Capital : $10000
16:42:40  INFO        [ stub ]
16:42:40  INFO      
16:42:40  INFO      >>> binance_btc_8h  (1096 bars)  [calendar . calendar]
16:42:40  INFO      
16:42:40  INFO      ==================================================================
16:42:40  INFO        STAGE 2 . LABELING + FEATURES  [binance_btc_8h]  [mode=unified]
16:42:40  INFO      ==================================================================
16:42:40  INFO        Computing volatility & sampling events ...
16:42:40  INFO        Events sampled : 593
16:42:40  INFO        Triple-barrier  pt/sl=[2.0, 2.0]  days=3.0 ...
16:42:42  INFO        Labels : {1.0: 328, 0.0: 261}  (n=589)
16:42:42  INFO        Finding minimum FFD d ...
16:42:42  INFO        min_d=0.50  d_used=0.50
16:42:42  INFO        Building features [mode=unified] ...
16:42:43  INFO        Features : 33 cols  (33 unified + 0 native)
16:42:43  INFO        Computing sample weights ...
16:42:43  INFO        Final frame : 589 samples x 33 features
16:42:43  INFO        Saved -> binance_btc_8h__labeling_unified__20260514_164140.csv
16:42:43  INFO      
16:42:43  INFO      ==================================================================
16:42:43  INFO        STAGE 3 . MODELS  [binance_btc_8h]  -- implement in mlfinlab/models/
16:42:43  INFO      ==================================================================
16:42:43  INFO        Input  : 589 samples x 41 cols
16:42:43  INFO        Labels : {1.0: 328, 0.0: 261}
16:42:43  INFO        Mode   : unified
16:42:43  INFO        [ stub ]
16:42:43  INFO      
16:42:43  INFO      ==================================================================
16:42:43  INFO        STAGE 4 . PREDICTION  [binance_btc_8h]  -- implement in mlfinlab/signals/
16:42:43  INFO      ==================================================================
16:42:43  INFO        [ stub ]
16:42:43  INFO      
16:42:43  INFO      ==================================================================
16:42:43  INFO        STAGE 5 . BACKTEST  [binance_btc_8h]  -- implement in mlfinlab/backtest/
16:42:43  INFO      ==================================================================
16:42:43  INFO        Fee     : 0.0400%  (0.0800% round-trip)
16:42:43  INFO        Capital : $10000
16:42:43  INFO        [ stub ]
16:42:43  INFO      
16:42:43  INFO      >>> binance_btc_dollar_minute_bars  (6073 bars)  [information . minute]
16:42:43  INFO      
16:42:43  INFO      ==================================================================
16:42:43  INFO        STAGE 2 . LABELING + FEATURES  [binance_btc_dollar_minute_bars]  [mode=unified]
16:42:43  INFO      ==================================================================
16:42:43  INFO        Computing volatility & sampling events ...
16:42:43  INFO        Events sampled : 4076
16:42:43  INFO        Triple-barrier  pt/sl=[2.0, 2.0]  days=3.0 ...
16:43:08  INFO        Labels : {1.0: 2179, 0.0: 1896}  (n=4075)
16:43:08  INFO        Finding minimum FFD d ...
16:43:08  INFO        min_d=0.20  d_used=0.20
16:43:08  INFO        Building features [mode=unified] ...
16:43:14  INFO        Features : 33 cols  (33 unified + 0 native)
16:43:14  INFO        Computing sample weights ...
16:43:20  INFO        Final frame : 4075 samples x 33 features
16:43:21  INFO        Saved -> binance_btc_dollar_minute_bars__labeling_unified__20260514_164140.csv
16:43:21  INFO      
16:43:21  INFO      ==================================================================
16:43:21  INFO        STAGE 3 . MODELS  [binance_btc_dollar_minute_bars]  -- implement in mlfinlab/models/
16:43:21  INFO      ==================================================================
16:43:21  INFO        Input  : 4075 samples x 41 cols
16:43:21  INFO        Labels : {1.0: 2179, 0.0: 1896}
16:43:21  INFO        Mode   : unified
16:43:21  INFO        [ stub ]
16:43:21  INFO      
16:43:21  INFO      ==================================================================
16:43:21  INFO        STAGE 4 . PREDICTION  [binance_btc_dollar_minute_bars]  -- implement in mlfinlab/signals/
16:43:21  INFO      ==================================================================
16:43:21  INFO        [ stub ]
16:43:21  INFO      
16:43:21  INFO      ==================================================================
16:43:21  INFO        STAGE 5 . BACKTEST  [binance_btc_dollar_minute_bars]  -- implement in mlfinlab/backtest/
16:43:21  INFO      ==================================================================
16:43:21  INFO        Fee     : 0.0400%  (0.0800% round-trip)
16:43:21  INFO        Capital : $10000
16:43:21  INFO        [ stub ]
16:43:21  INFO      
16:43:21  INFO      >>> binance_btc_dollar_tick_bars  (4822 bars)  [information . tick]
16:43:21  INFO      
16:43:21  INFO      ==================================================================
16:43:21  INFO        STAGE 2 . LABELING + FEATURES  [binance_btc_dollar_tick_bars]  [mode=unified]
16:43:21  INFO      ==================================================================
16:43:21  INFO        Computing volatility & sampling events ...
16:43:21  INFO        Events sampled : 3224
16:43:21  INFO        Triple-barrier  pt/sl=[2.0, 2.0]  days=3.0 ...
16:43:42  INFO        Labels : {1.0: 1682, 0.0: 1536}  (n=3218)
16:43:42  INFO        Finding minimum FFD d ...
16:43:42  INFO        min_d=0.10  d_used=0.10
16:43:42  INFO        Building features [mode=unified] ...
16:43:47  INFO        Features : 33 cols  (33 unified + 0 native)
16:43:47  INFO        Computing sample weights ...
16:43:51  INFO        Final frame : 3218 samples x 33 features
16:43:51  INFO        Saved -> binance_btc_dollar_tick_bars__labeling_unified__20260514_164140.csv
16:43:51  INFO      
16:43:51  INFO      ==================================================================
16:43:51  INFO        STAGE 3 . MODELS  [binance_btc_dollar_tick_bars]  -- implement in mlfinlab/models/
16:43:51  INFO      ==================================================================
16:43:51  INFO        Input  : 3218 samples x 41 cols
16:43:51  INFO        Labels : {1.0: 1682, 0.0: 1536}
16:43:51  INFO        Mode   : unified
16:43:51  INFO        [ stub ]
16:43:51  INFO      
16:43:51  INFO      ==================================================================
16:43:51  INFO        STAGE 4 . PREDICTION  [binance_btc_dollar_tick_bars]  -- implement in mlfinlab/signals/
16:43:51  INFO      ==================================================================
16:43:51  INFO        [ stub ]
16:43:51  INFO      
16:43:51  INFO      ==================================================================
16:43:51  INFO        STAGE 5 . BACKTEST  [binance_btc_dollar_tick_bars]  -- implement in mlfinlab/backtest/
16:43:51  INFO      ==================================================================
16:43:51  INFO        Fee     : 0.0400%  (0.0800% round-trip)
16:43:51  INFO        Capital : $10000
16:43:51  INFO        [ stub ]
16:43:51  INFO      
16:43:51  INFO      >>> binance_btc_hybrid_minute_bars  (5720 bars)  [information . minute]
16:43:51  INFO      
16:43:51  INFO      ==================================================================
16:43:51  INFO        STAGE 2 . LABELING + FEATURES  [binance_btc_hybrid_minute_bars]  [mode=unified]
16:43:51  INFO      ==================================================================
16:43:51  INFO        Computing volatility & sampling events ...
16:43:51  INFO        Events sampled : 3805
16:43:51  INFO        Triple-barrier  pt/sl=[2.0, 2.0]  days=3.0 ...
16:44:13  INFO        Labels : {1.0: 2021, 0.0: 1781}  (n=3802)
16:44:13  INFO        Finding minimum FFD d ...
16:44:13  INFO        min_d=0.30  d_used=0.30
16:44:13  INFO        Building features [mode=unified] ...
16:44:20  INFO        Features : 33 cols  (33 unified + 0 native)
16:44:20  INFO        Computing sample weights ...
16:44:26  INFO        Final frame : 3802 samples x 33 features
16:44:26  INFO        Saved -> binance_btc_hybrid_minute_bars__labeling_unified__20260514_164140.csv
16:44:26  INFO      
16:44:26  INFO      ==================================================================
16:44:26  INFO        STAGE 3 . MODELS  [binance_btc_hybrid_minute_bars]  -- implement in mlfinlab/models/
16:44:26  INFO      ==================================================================
16:44:26  INFO        Input  : 3802 samples x 41 cols
16:44:26  INFO        Labels : {1.0: 2021, 0.0: 1781}
16:44:26  INFO        Mode   : unified
16:44:26  INFO        [ stub ]
16:44:26  INFO      
16:44:26  INFO      ==================================================================
16:44:26  INFO        STAGE 4 . PREDICTION  [binance_btc_hybrid_minute_bars]  -- implement in mlfinlab/signals/
16:44:26  INFO      ==================================================================
16:44:26  INFO        [ stub ]
16:44:26  INFO      
16:44:26  INFO      ==================================================================
16:44:26  INFO        STAGE 5 . BACKTEST  [binance_btc_hybrid_minute_bars]  -- implement in mlfinlab/backtest/
16:44:26  INFO      ==================================================================
16:44:26  INFO        Fee     : 0.0400%  (0.0800% round-trip)
16:44:26  INFO        Capital : $10000
16:44:26  INFO        [ stub ]
16:44:26  INFO      
16:44:26  INFO      >>> binance_btc_hybrid_tick_bars  (8581 bars)  [information . tick]
16:44:26  INFO      
16:44:26  INFO      ==================================================================
16:44:26  INFO        STAGE 2 . LABELING + FEATURES  [binance_btc_hybrid_tick_bars]  [mode=unified]
16:44:26  INFO      ==================================================================
16:44:26  INFO        Computing volatility & sampling events ...
16:44:26  INFO        Events sampled : 5855
16:44:26  INFO        Triple-barrier  pt/sl=[2.0, 2.0]  days=3.0 ...
16:45:15  INFO        Labels : {1.0: 3054, 0.0: 2796}  (n=5850)
16:45:15  INFO        Finding minimum FFD d ...
16:45:15  INFO        min_d=0.20  d_used=0.20
16:45:15  INFO        Building features [mode=unified] ...
16:45:22  INFO        Features : 33 cols  (33 unified + 0 native)
16:45:22  INFO        Computing sample weights ...
16:45:31  INFO        Final frame : 5850 samples x 33 features
16:45:32  INFO        Saved -> binance_btc_hybrid_tick_bars__labeling_unified__20260514_164140.csv
16:45:32  INFO      
16:45:32  INFO      ==================================================================
16:45:32  INFO        STAGE 3 . MODELS  [binance_btc_hybrid_tick_bars]  -- implement in mlfinlab/models/
16:45:32  INFO      ==================================================================
16:45:32  INFO        Input  : 5850 samples x 41 cols
16:45:32  INFO        Labels : {1.0: 3054, 0.0: 2796}
16:45:32  INFO        Mode   : unified
16:45:32  INFO        [ stub ]
16:45:32  INFO      
16:45:32  INFO      ==================================================================
16:45:32  INFO        STAGE 4 . PREDICTION  [binance_btc_hybrid_tick_bars]  -- implement in mlfinlab/signals/
16:45:32  INFO      ==================================================================
16:45:32  INFO        [ stub ]
16:45:32  INFO      
16:45:32  INFO      ==================================================================
16:45:32  INFO        STAGE 5 . BACKTEST  [binance_btc_hybrid_tick_bars]  -- implement in mlfinlab/backtest/
16:45:32  INFO      ==================================================================
16:45:32  INFO        Fee     : 0.0400%  (0.0800% round-trip)
16:45:32  INFO        Capital : $10000
16:45:32  INFO        [ stub ]
16:45:32  INFO      
16:45:32  INFO      >>> binance_btc_range_minute_bars  (897 bars)  [information . minute]
16:45:32  INFO      
16:45:32  INFO      ==================================================================
16:45:32  INFO        STAGE 2 . LABELING + FEATURES  [binance_btc_range_minute_bars]  [mode=unified]
16:45:32  INFO      ==================================================================
16:45:32  INFO        Computing volatility & sampling events ...
16:45:32  INFO        Events sampled : 540
16:45:32  INFO        Triple-barrier  pt/sl=[2.0, 2.0]  days=3.0 ...
16:45:34  INFO        Labels : {1.0: 303, 0.0: 235}  (n=538)
16:45:34  INFO        Finding minimum FFD d ...
16:45:34  INFO        min_d=0.60  d_used=0.60
16:45:34  INFO        Building features [mode=unified] ...
16:45:35  INFO        Features : 33 cols  (33 unified + 0 native)
16:45:35  INFO        Computing sample weights ...
16:45:35  INFO        Final frame : 538 samples x 33 features
16:45:35  INFO        Saved -> binance_btc_range_minute_bars__labeling_unified__20260514_164140.csv
16:45:35  INFO      
16:45:35  INFO      ==================================================================
16:45:35  INFO        STAGE 3 . MODELS  [binance_btc_range_minute_bars]  -- implement in mlfinlab/models/
16:45:35  INFO      ==================================================================
16:45:35  INFO        Input  : 538 samples x 41 cols
16:45:35  INFO        Labels : {1.0: 303, 0.0: 235}
16:45:35  INFO        Mode   : unified
16:45:35  INFO        [ stub ]
16:45:35  INFO      
16:45:35  INFO      ==================================================================
16:45:35  INFO        STAGE 4 . PREDICTION  [binance_btc_range_minute_bars]  -- implement in mlfinlab/signals/
16:45:35  INFO      ==================================================================
16:45:35  INFO        [ stub ]
16:45:35  INFO      
16:45:35  INFO      ==================================================================
16:45:35  INFO        STAGE 5 . BACKTEST  [binance_btc_range_minute_bars]  -- implement in mlfinlab/backtest/
16:45:35  INFO      ==================================================================
16:45:35  INFO        Fee     : 0.0400%  (0.0800% round-trip)
16:45:35  INFO        Capital : $10000
16:45:35  INFO        [ stub ]
16:45:35  INFO      
16:45:35  INFO      >>> binance_btc_range_tick_bars  (5902 bars)  [information . tick]
16:45:35  INFO      
16:45:35  INFO      ==================================================================
16:45:35  INFO        STAGE 2 . LABELING + FEATURES  [binance_btc_range_tick_bars]  [mode=unified]
16:45:35  INFO      ==================================================================
16:45:35  INFO        Computing volatility & sampling events ...
16:45:35  INFO        Events sampled : 5125
16:45:35  INFO        Triple-barrier  pt/sl=[2.0, 2.0]  days=3.0 ...
16:46:13  INFO        Labels : {1.0: 2693, 0.0: 2427}  (n=5120)
16:46:13  INFO        Finding minimum FFD d ...
16:46:13  INFO        min_d=0.20  d_used=0.20
16:46:13  INFO        Building features [mode=unified] ...
16:46:18  INFO        Features : 33 cols  (33 unified + 0 native)
16:46:18  INFO        Computing sample weights ...
16:46:23  INFO        Final frame : 5120 samples x 33 features
16:46:24  INFO        Saved -> binance_btc_range_tick_bars__labeling_unified__20260514_164140.csv
16:46:24  INFO      
16:46:24  INFO      ==================================================================
16:46:24  INFO        STAGE 3 . MODELS  [binance_btc_range_tick_bars]  -- implement in mlfinlab/models/
16:46:24  INFO      ==================================================================
16:46:24  INFO        Input  : 5120 samples x 41 cols
16:46:24  INFO        Labels : {1.0: 2693, 0.0: 2427}
16:46:24  INFO        Mode   : unified
16:46:24  INFO        [ stub ]
16:46:24  INFO      
16:46:24  INFO      ==================================================================
16:46:24  INFO        STAGE 4 . PREDICTION  [binance_btc_range_tick_bars]  -- implement in mlfinlab/signals/
16:46:24  INFO      ==================================================================
16:46:24  INFO        [ stub ]
16:46:24  INFO      
16:46:24  INFO      ==================================================================
16:46:24  INFO        STAGE 5 . BACKTEST  [binance_btc_range_tick_bars]  -- implement in mlfinlab/backtest/
16:46:24  INFO      ==================================================================
16:46:24  INFO        Fee     : 0.0400%  (0.0800% round-trip)
16:46:24  INFO        Capital : $10000
16:46:24  INFO        [ stub ]
16:46:24  INFO      
16:46:24  INFO      >>> binance_btc_renko_minute_bars  (1053 bars)  [information . minute]
16:46:24  INFO      
16:46:24  INFO      ==================================================================
16:46:24  INFO        STAGE 2 . LABELING + FEATURES  [binance_btc_renko_minute_bars]  [mode=unified]
16:46:24  INFO      ==================================================================
16:46:24  INFO        Computing volatility & sampling events ...
16:46:24  INFO        Events sampled : 970
16:46:24  INFO        Triple-barrier  pt/sl=[2.0, 2.0]  days=3.0 ...
16:46:27  INFO        Labels : {1.0: 535, 0.0: 429}  (n=964)
16:46:27  INFO        Finding minimum FFD d ...
16:46:27  INFO        min_d=0.50  d_used=0.50
16:46:27  INFO        Building features [mode=unified] ...
16:46:28  INFO        Features : 33 cols  (33 unified + 0 native)
16:46:28  INFO        Computing sample weights ...
16:46:29  INFO        Final frame : 964 samples x 33 features
16:46:29  INFO        Saved -> binance_btc_renko_minute_bars__labeling_unified__20260514_164140.csv
16:46:29  INFO      
16:46:29  INFO      ==================================================================
16:46:29  INFO        STAGE 3 . MODELS  [binance_btc_renko_minute_bars]  -- implement in mlfinlab/models/
16:46:29  INFO      ==================================================================
16:46:29  INFO        Input  : 964 samples x 41 cols
16:46:29  INFO        Labels : {1.0: 535, 0.0: 429}
16:46:29  INFO        Mode   : unified
16:46:29  INFO        [ stub ]
16:46:29  INFO      
16:46:29  INFO      ==================================================================
16:46:29  INFO        STAGE 4 . PREDICTION  [binance_btc_renko_minute_bars]  -- implement in mlfinlab/signals/
16:46:29  INFO      ==================================================================
16:46:29  INFO        [ stub ]
16:46:29  INFO      
16:46:29  INFO      ==================================================================
16:46:29  INFO        STAGE 5 . BACKTEST  [binance_btc_renko_minute_bars]  -- implement in mlfinlab/backtest/
16:46:29  INFO      ==================================================================
16:46:29  INFO        Fee     : 0.0400%  (0.0800% round-trip)
16:46:29  INFO        Capital : $10000
16:46:29  INFO        [ stub ]
16:46:29  INFO      
16:46:29  INFO      >>> binance_btc_renko_tick_bars  (66408 bars)  [information . tick]
16:46:29  INFO      
16:46:29  INFO      ==================================================================
16:46:29  INFO        STAGE 2 . LABELING + FEATURES  [binance_btc_renko_tick_bars]  [mode=unified]
16:46:29  INFO      ==================================================================
16:46:29  INFO        Computing volatility & sampling events ...
16:46:31  INFO        Events sampled : 65448
16:46:31  INFO        Triple-barrier  pt/sl=[2.0, 2.0]  days=3.0 ...
